# JRE version: OpenJDK Runtime Environment Temurin-11.0.12+7 (11.0.12+7) (build 11.0.12+7)
# Java VM: OpenJDK 64-Bit Server VM Temurin-11.0.12+7 (11.0.12+7, mixed mode, tiered, compressed oops, g1 gc, windows-amd64)
Heap:
 garbage-first heap   total 260096K, used 140303K [0x0000000080000000, 0x0000000100000000)
  region size 1024K, 76 young (77824K), 11 survivors (11264K)
 Metaspace       used 97449K, capacity 99950K, committed 100224K, reserved 1136640K
  class space    used 12455K, capacity 13396K, committed 13440K, reserved 1048576K
GC Heap History (20 events):
Event: 12.595 GC heap before
{Heap before GC invocations=1 (full 0):
 garbage-first heap   total 260096K, used 112687K [0x0000000080000000, 0x0000000100000000)
  region size 1024K, 105 young (107520K), 3 survivors (3072K)
 Metaspace       used 20728K, capacity 21140K, committed 21248K, reserved 1067008K
  class space    used 2554K, capacity 2713K, committed 2816K, reserved 1048576K
}
Event: 12.604 GC heap after
{Heap after GC invocations=2 (full 0):
 garbage-first heap   total 260096K, used 16642K [0x0000000080000000, 0x0000000100000000)
  region size 1024K, 11 young (11264K), 11 survivors (11264K)
 Metaspace       used 20728K, capacity 21140K, committed 21248K, reserved 1067008K
  class space    used 2554K, capacity 2713K, committed 2816K, reserved 1048576K
}
Event: 12.961 GC heap before
{Heap before GC invocations=3 (full 0):
 garbage-first heap   total 260096K, used 46338K [0x0000000080000000, 0x0000000100000000)
  region size 1024K, 40 young (40960K), 11 survivors (11264K)
 Metaspace       used 23701K, capacity 24154K, committed 24192K, reserved 1071104K
  class space    used 3008K, capacity 3167K, committed 3200K, reserved 1048576K
}
Event: 12.966 GC heap after
{Heap after GC invocations=4 (full 0):
 garbage-first heap   total 260096K, used 18490K [0x0000000080000000, 0x0000000100000000)
  region size 1024K, 2 young (2048K), 2 survivors (2048K)
 Metaspace       used 23701K, capacity 24154K, committed 24192K, reserved 1071104K
  class space    used 3008K, capacity 3167K, committed 3200K, reserved 1048576K
}
Event: 14.275 GC heap before
{Heap before GC invocations=4 (full 0):
 garbage-first heap   total 260096K, used 103482K [0x0000000080000000, 0x0000000100000000)
  region size 1024K, 86 young (88064K), 2 survivors (2048K)
 Metaspace       used 35032K, capacity 35785K, committed 35840K, reserved 1081344K
  class space    used 4525K, capacity 4840K, committed 4864K, reserved 1048576K
}
Event: 14.282 GC heap after
{Heap after GC invocations=5 (full 0):
 garbage-first heap   total 260096K, used 22041K [0x0000000080000000, 0x0000000100000000)
  region size 1024K, 6 young (6144K), 6 survivors (6144K)
 Metaspace       used 35032K, capacity 35785K, committed 35840K, reserved 1081344K
  class space    used 4525K, capacity 4840K, committed 4864K, reserved 1048576K
}
Event: 15.609 GC heap before
{Heap before GC invocations=6 (full 0):
 garbage-first heap   total 260096K, used 155161K [0x0000000080000000, 0x0000000100000000)
  region size 1024K, 133 young (136192K), 6 survivors (6144K)
 Metaspace       used 46098K, capacity 47106K, committed 47360K, reserved 1089536K
  class space    used 5919K, capacity 6320K, committed 6400K, reserved 1048576K
}
Event: 15.618 GC heap after
{Heap after GC invocations=7 (full 0):
 garbage-first heap   total 260096K, used 29568K [0x0000000080000000, 0x0000000100000000)
  region size 1024K, 13 young (13312K), 13 survivors (13312K)
 Metaspace       used 46098K, capacity 47106K, committed 47360K, reserved 1089536K
  class space    used 5919K, capacity 6320K, committed 6400K, reserved 1048576K
}
Event: 17.493 GC heap before
{Heap before GC invocations=7 (full 0):
 garbage-first heap   total 260096K, used 174976K [0x0000000080000000, 0x0000000100000000)
  region size 1024K, 152 young (155648K), 13 survivors (13312K)
 Metaspace       used 56200K, capacity 57546K, committed 57728K, reserved 1099776K
  class space    used 7163K, capacity 7713K, committed 7808K, reserved 1048576K
}
Event: 17.509 GC heap after
{Heap after GC invocations=8 (full 0):
 garbage-first heap   total 260096K, used 44000K [0x0000000080000000, 0x0000000100000000)
  region size 1024K, 18 young (18432K), 18 survivors (18432K)
 Metaspace       used 56200K, capacity 57546K, committed 57728K, reserved 1099776K
  class space    used 7163K, capacity 7713K, committed 7808K, reserved 1048576K
}
Event: 17.760 GC heap before
{Heap before GC invocations=8 (full 0):
 garbage-first heap   total 260096K, used 58336K [0x0000000080000000, 0x0000000100000000)
  region size 1024K, 33 young (33792K), 18 survivors (18432K)
 Metaspace       used 58657K, capacity 60034K, committed 60160K, reserved 1101824K
  class space    used 7408K, capacity 7962K, committed 8064K, reserved 1048576K
}
Event: 17.778 GC heap after
{Heap after GC invocations=9 (full 0):
 garbage-first heap   total 260096K, used 46788K [0x0000000080000000, 0x0000000100000000)
  region size 1024K, 3 young (3072K), 3 survivors (3072K)
 Metaspace       used 58657K, capacity 60034K, committed 60160K, reserved 1101824K
  class space    used 7408K, capacity 7962K, committed 8064K, reserved 1048576K
}
Event: 19.076 GC heap before
{Heap before GC invocations=10 (full 0):
 garbage-first heap   total 260096K, used 177860K [0x0000000080000000, 0x0000000100000000)
  region size 1024K, 131 young (134144K), 3 survivors (3072K)
 Metaspace       used 68939K, capacity 70524K, committed 70656K, reserved 1110016K
  class space    used 8764K, capacity 9377K, committed 9472K, reserved 1048576K
}
Event: 19.083 GC heap after
{Heap after GC invocations=11 (full 0):
 garbage-first heap   total 260096K, used 54414K [0x0000000080000000, 0x0000000100000000)
  region size 1024K, 11 young (11264K), 11 survivors (11264K)
 Metaspace       used 68939K, capacity 70524K, committed 70656K, reserved 1110016K
  class space    used 8764K, capacity 9377K, committed 9472K, reserved 1048576K
}
Event: 21.020 GC heap before
{Heap before GC invocations=11 (full 0):
 garbage-first heap   total 260096K, used 185486K [0x0000000080000000, 0x0000000100000000)
  region size 1024K, 139 young (142336K), 11 survivors (11264K)
 Metaspace       used 82685K, capacity 84622K, committed 84736K, reserved 1122304K
  class space    used 10734K, capacity 11436K, committed 11520K, reserved 1048576K
}
Event: 21.037 GC heap after
{Heap after GC invocations=12 (full 0):
 garbage-first heap   total 260096K, used 65355K [0x0000000080000000, 0x0000000100000000)
  region size 1024K, 11 young (11264K), 11 survivors (11264K)
 Metaspace       used 82685K, capacity 84622K, committed 84736K, reserved 1122304K
  class space    used 10734K, capacity 11436K, committed 11520K, reserved 1048576K
}
Event: 26.421 GC heap before
{Heap before GC invocations=12 (full 0):
 garbage-first heap   total 260096K, used 207691K [0x0000000080000000, 0x0000000100000000)
  region size 1024K, 134 young (137216K), 11 survivors (11264K)
 Metaspace       used 87112K, capacity 89465K, committed 89600K, reserved 1126400K
  class space    used 11323K, capacity 12227K, committed 12288K, reserved 1048576K
}
Event: 26.444 GC heap after
{Heap after GC invocations=13 (full 0):
 garbage-first heap   total 260096K, used 70526K [0x0000000080000000, 0x0000000100000000)
  region size 1024K, 6 young (6144K), 6 survivors (6144K)
 Metaspace       used 87112K, capacity 89465K, committed 89600K, reserved 1126400K
  class space    used 11323K, capacity 12227K, committed 12288K, reserved 1048576K
}
Event: 39.858 GC heap before
{Heap before GC invocations=13 (full 0):
 garbage-first heap   total 260096K, used 196478K [0x0000000080000000, 0x0000000100000000)
  region size 1024K, 130 young (133120K), 6 survivors (6144K)
 Metaspace       used 94872K, capacity 97317K, committed 97408K, reserved 1134592K
  class space    used 12217K, capacity 13147K, committed 13184K, reserved 1048576K
}
Event: 39.899 GC heap after
{Heap after GC invocations=14 (full 0):
 garbage-first heap   total 260096K, used 75791K [0x0000000080000000, 0x0000000100000000)
  region size 1024K, 11 young (11264K), 11 survivors (11264K)
 Metaspace       used 94872K, capacity 97317K, committed 97408K, reserved 1134592K
  class space    used 12217K, capacity 13147K, committed 13184K, reserved 1048576K
}

